2017-07-16 10:24:37.049 [restartedMain] DEBUG net.bubblyyi.base.config.listener.ApplicationEventListener - 初始化环境变量
2017-07-16 10:24:38.157 [restartedMain] INFO  net.bubblyyi.base.Application - Starting Application on USER-20160904YG with PID 5800 (D:\ideaWorkSpace\BookManagement_Bubblyyi\target\classes started by Administrator in D:\ideaWorkSpace\BookManagement_Bubblyyi)
2017-07-16 10:24:38.157 [restartedMain] DEBUG net.bubblyyi.base.Application - Running with Spring Boot v1.4.2.RELEASE, Spring v4.3.4.RELEASE
2017-07-16 10:24:38.157 [restartedMain] INFO  net.bubblyyi.base.Application - No active profile set, falling back to default profiles: default
2017-07-16 10:24:38.625 [restartedMain] DEBUG net.bubblyyi.base.config.listener.ApplicationEventListener - 初始化环境变量完成
2017-07-16 10:24:39.046 [background-preinit] DEBUG org.jboss.logging - Logging Provider: org.jboss.logging.Slf4jLoggerProvider found via system property
2017-07-16 10:24:48.297 [restartedMain] DEBUG net.sf.ehcache.config.ConfigurationFactory - Configuring ehcache from InputStream
2017-07-16 10:24:48.344 [restartedMain] DEBUG net.sf.ehcache.config.BeanHandler - Ignoring ehcache attribute xmlns:xsi
2017-07-16 10:24:48.344 [restartedMain] DEBUG net.sf.ehcache.config.BeanHandler - Ignoring ehcache attribute xsi:noNamespaceSchemaLocation
2017-07-16 10:24:48.344 [restartedMain] DEBUG net.sf.ehcache.config.DiskStoreConfiguration - Disk Store Path: C:\Users\ADMINI~1\AppData\Local\Temp\
2017-07-16 10:24:48.406 [restartedMain] DEBUG net.sf.ehcache.util.PropertyUtil - propertiesString is null.
2017-07-16 10:24:48.437 [restartedMain] DEBUG net.sf.ehcache.config.ConfigurationHelper - No CacheManagerEventListenerFactory class specified. Skipping...
2017-07-16 10:24:48.858 [restartedMain] DEBUG net.sf.ehcache.Cache - No BootstrapCacheLoaderFactory class specified. Skipping...
2017-07-16 10:24:48.858 [restartedMain] DEBUG net.sf.ehcache.Cache - CacheWriter factory not configured. Skipping...
2017-07-16 10:24:48.858 [restartedMain] DEBUG net.sf.ehcache.config.ConfigurationHelper - No CacheExceptionHandlerFactory class specified. Skipping...
2017-07-16 10:24:48.890 [restartedMain] DEBUG net.sf.ehcache.Cache - No BootstrapCacheLoaderFactory class specified. Skipping...
2017-07-16 10:24:48.890 [restartedMain] DEBUG net.sf.ehcache.Cache - CacheWriter factory not configured. Skipping...
2017-07-16 10:24:48.890 [restartedMain] DEBUG net.sf.ehcache.config.ConfigurationHelper - No CacheExceptionHandlerFactory class specified. Skipping...
2017-07-16 10:24:48.890 [restartedMain] WARN  net.sf.ehcache.config.CacheConfiguration - Configuration problem for cache resourceCache: MaxEntriesLocalHeap equal or greater than MaxEntriesLocalDisk. This will result in useless disk storage.
2017-07-16 10:24:48.936 [restartedMain] DEBUG net.sf.ehcache.DiskStorePathManager - Using diskstore path C:\Users\ADMINI~1\AppData\Local\Temp
2017-07-16 10:24:48.936 [restartedMain] DEBUG net.sf.ehcache.DiskStorePathManager - Holding exclusive lock on C:\Users\ADMINI~1\AppData\Local\Temp\.ehcache-diskstore.lock
2017-07-16 10:24:48.936 [restartedMain] DEBUG net.sf.ehcache.store.disk.DiskStorageFactory - Failed to delete file resource%0043ache.index
2017-07-16 10:24:48.952 [restartedMain] DEBUG net.sf.ehcache.store.disk.DiskStorageFactory - Matching data file missing (or empty) for index file. Deleting index file C:\Users\ADMINI~1\AppData\Local\Temp\resource%0043ache.index
2017-07-16 10:24:48.968 [restartedMain] DEBUG net.sf.ehcache.store.disk.DiskStorageFactory - Failed to delete file resource%0043ache.index
2017-07-16 10:24:49.186 [restartedMain] DEBUG net.sf.ehcache.statistics.extended.ExtendedStatisticsImpl - Mocking Pass-Through Statistic: LOCAL_OFFHEAP_SIZE
2017-07-16 10:24:49.186 [restartedMain] DEBUG net.sf.ehcache.statistics.extended.ExtendedStatisticsImpl - Mocking Pass-Through Statistic: LOCAL_OFFHEAP_SIZE_BYTES
2017-07-16 10:24:49.186 [restartedMain] DEBUG net.sf.ehcache.statistics.extended.ExtendedStatisticsImpl - Mocking Pass-Through Statistic: WRITER_QUEUE_LENGTH
2017-07-16 10:24:49.186 [restartedMain] DEBUG net.sf.ehcache.statistics.extended.ExtendedStatisticsImpl - Mocking Pass-Through Statistic: REMOTE_SIZE
2017-07-16 10:24:49.186 [restartedMain] DEBUG net.sf.ehcache.statistics.extended.ExtendedStatisticsImpl - Mocking Pass-Through Statistic: LAST_REJOIN_TIMESTAMP
2017-07-16 10:24:49.217 [restartedMain] DEBUG net.sf.ehcache.statistics.extended.ExtendedStatisticsImpl - Mocking Operation Statistic: OFFHEAP_GET
2017-07-16 10:24:49.217 [restartedMain] DEBUG net.sf.ehcache.statistics.extended.ExtendedStatisticsImpl - Mocking Operation Statistic: OFFHEAP_PUT
2017-07-16 10:24:49.217 [restartedMain] DEBUG net.sf.ehcache.statistics.extended.ExtendedStatisticsImpl - Mocking Operation Statistic: OFFHEAP_REMOVE
2017-07-16 10:24:49.217 [restartedMain] DEBUG net.sf.ehcache.statistics.extended.ExtendedStatisticsImpl - Mocking Operation Statistic: XA_COMMIT
2017-07-16 10:24:49.217 [restartedMain] DEBUG net.sf.ehcache.statistics.extended.ExtendedStatisticsImpl - Mocking Operation Statistic: XA_ROLLBACK
2017-07-16 10:24:49.217 [restartedMain] DEBUG net.sf.ehcache.statistics.extended.ExtendedStatisticsImpl - Mocking Operation Statistic: XA_RECOVERY
2017-07-16 10:24:49.233 [restartedMain] DEBUG net.sf.ehcache.statistics.extended.ExtendedStatisticsImpl - Mocking Operation Statistic: CLUSTER_EVENT
2017-07-16 10:24:49.233 [restartedMain] DEBUG net.sf.ehcache.statistics.extended.ExtendedStatisticsImpl - Mocking Operation Statistic: NONSTOP
2017-07-16 10:24:49.233 [restartedMain] DEBUG net.sf.ehcache.Cache - Initialised cache: resourceCache
2017-07-16 10:24:49.248 [restartedMain] DEBUG net.sf.ehcache.config.ConfigurationHelper - CacheDecoratorFactory not configured. Skipping for 'resourceCache'.
2017-07-16 10:24:49.248 [restartedMain] DEBUG net.sf.ehcache.config.ConfigurationHelper - CacheDecoratorFactory not configured for defaultCache. Skipping for 'resourceCache'.
2017-07-16 10:24:52.899 [restartedMain] INFO  com.alibaba.druid.pool.DruidDataSource - {dataSource-1} inited
2017-07-16 10:24:54.630 [restartedMain] WARN  org.hibernate.mapping.RootClass - HHH000038: Composite-id class does not override equals(): net.bubblyyi.base.entity.BorrowBook
2017-07-16 10:24:54.646 [restartedMain] WARN  org.hibernate.mapping.RootClass - HHH000039: Composite-id class does not override hashCode(): net.bubblyyi.base.entity.BorrowBook
2017-07-16 10:25:02.323 [restartedMain] INFO  org.apache.catalina.core.StandardService - Starting service Tomcat
2017-07-16 10:25:02.323 [restartedMain] INFO  org.apache.catalina.core.StandardEngine - Starting Servlet Engine: Apache Tomcat/8.5.6
2017-07-16 10:25:02.760 [localhost-startStop-1] INFO  org.apache.catalina.core.ContainerBase.[Tomcat].[localhost].[/] - Initializing Spring embedded WebApplicationContext
2017-07-16 10:25:18.861 [restartedMain] DEBUG net.bubblyyi.base.config.listener.ApplicationEventListener - 应用刷新
2017-07-16 10:25:18.892 [restartedMain] INFO  org.apache.coyote.http11.Http11NioProtocol - Initializing ProtocolHandler ["http-nio-8855"]
2017-07-16 10:25:18.924 [restartedMain] INFO  org.apache.coyote.http11.Http11NioProtocol - Starting ProtocolHandler [http-nio-8855]
2017-07-16 10:25:18.955 [restartedMain] INFO  org.apache.tomcat.util.net.NioSelectorPool - Using a shared selector for servlet write/read
2017-07-16 10:25:19.048 [restartedMain] DEBUG net.bubblyyi.base.config.listener.ApplicationEventListener - 应用已启动完成
2017-07-16 10:25:19.048 [restartedMain] INFO  net.bubblyyi.base.Application - Started Application in 46.679 seconds (JVM running for 67.11)
2017-07-16 10:25:19.048 [restartedMain] DEBUG net.bubblyyi.base.Application - 启动成功
2017-07-16 16:52:14.191 [restartedMain] DEBUG net.bubblyyi.base.config.listener.ApplicationEventListener - 初始化环境变量
2017-07-16 16:52:15.312 [restartedMain] INFO  net.bubblyyi.base.Application - Starting Application on USER-20160904YG with PID 7084 (D:\ideaWorkSpace\BookManagement_Bubblyyi\target\classes started by Administrator in D:\ideaWorkSpace\BookManagement_Bubblyyi)
2017-07-16 16:52:15.314 [restartedMain] DEBUG net.bubblyyi.base.Application - Running with Spring Boot v1.4.2.RELEASE, Spring v4.3.4.RELEASE
2017-07-16 16:52:15.315 [restartedMain] INFO  net.bubblyyi.base.Application - No active profile set, falling back to default profiles: default
2017-07-16 16:52:15.711 [restartedMain] DEBUG net.bubblyyi.base.config.listener.ApplicationEventListener - 初始化环境变量完成
2017-07-16 16:52:15.930 [background-preinit] DEBUG org.jboss.logging - Logging Provider: org.jboss.logging.Slf4jLoggerProvider found via system property
2017-07-16 16:52:24.678 [restartedMain] DEBUG net.sf.ehcache.config.ConfigurationFactory - Configuring ehcache from InputStream
2017-07-16 16:52:24.753 [restartedMain] DEBUG net.sf.ehcache.config.BeanHandler - Ignoring ehcache attribute xmlns:xsi
2017-07-16 16:52:24.754 [restartedMain] DEBUG net.sf.ehcache.config.BeanHandler - Ignoring ehcache attribute xsi:noNamespaceSchemaLocation
2017-07-16 16:52:24.756 [restartedMain] DEBUG net.sf.ehcache.config.DiskStoreConfiguration - Disk Store Path: C:\Users\ADMINI~1\AppData\Local\Temp\
2017-07-16 16:52:24.790 [restartedMain] DEBUG net.sf.ehcache.util.PropertyUtil - propertiesString is null.
2017-07-16 16:52:24.812 [restartedMain] DEBUG net.sf.ehcache.config.ConfigurationHelper - No CacheManagerEventListenerFactory class specified. Skipping...
2017-07-16 16:52:25.330 [restartedMain] DEBUG net.sf.ehcache.Cache - No BootstrapCacheLoaderFactory class specified. Skipping...
2017-07-16 16:52:25.331 [restartedMain] DEBUG net.sf.ehcache.Cache - CacheWriter factory not configured. Skipping...
2017-07-16 16:52:25.331 [restartedMain] DEBUG net.sf.ehcache.config.ConfigurationHelper - No CacheExceptionHandlerFactory class specified. Skipping...
2017-07-16 16:52:25.367 [restartedMain] DEBUG net.sf.ehcache.Cache - No BootstrapCacheLoaderFactory class specified. Skipping...
2017-07-16 16:52:25.368 [restartedMain] DEBUG net.sf.ehcache.Cache - CacheWriter factory not configured. Skipping...
2017-07-16 16:52:25.368 [restartedMain] DEBUG net.sf.ehcache.config.ConfigurationHelper - No CacheExceptionHandlerFactory class specified. Skipping...
2017-07-16 16:52:25.370 [restartedMain] WARN  net.sf.ehcache.config.CacheConfiguration - Configuration problem for cache resourceCache: MaxEntriesLocalHeap equal or greater than MaxEntriesLocalDisk. This will result in useless disk storage.
2017-07-16 16:52:25.426 [restartedMain] DEBUG net.sf.ehcache.DiskStorePathManager - Using diskstore path C:\Users\ADMINI~1\AppData\Local\Temp
2017-07-16 16:52:25.426 [restartedMain] DEBUG net.sf.ehcache.DiskStorePathManager - Holding exclusive lock on C:\Users\ADMINI~1\AppData\Local\Temp\.ehcache-diskstore.lock
2017-07-16 16:52:25.429 [restartedMain] DEBUG net.sf.ehcache.store.disk.DiskStorageFactory - Failed to delete file resource%0043ache.index
2017-07-16 16:52:25.473 [restartedMain] DEBUG net.sf.ehcache.store.disk.DiskStorageFactory - Matching data file missing (or empty) for index file. Deleting index file C:\Users\ADMINI~1\AppData\Local\Temp\resource%0043ache.index
2017-07-16 16:52:25.474 [restartedMain] DEBUG net.sf.ehcache.store.disk.DiskStorageFactory - Failed to delete file resource%0043ache.index
2017-07-16 16:52:25.704 [restartedMain] DEBUG net.sf.ehcache.statistics.extended.ExtendedStatisticsImpl - Mocking Pass-Through Statistic: LOCAL_OFFHEAP_SIZE
2017-07-16 16:52:25.707 [restartedMain] DEBUG net.sf.ehcache.statistics.extended.ExtendedStatisticsImpl - Mocking Pass-Through Statistic: LOCAL_OFFHEAP_SIZE_BYTES
2017-07-16 16:52:25.709 [restartedMain] DEBUG net.sf.ehcache.statistics.extended.ExtendedStatisticsImpl - Mocking Pass-Through Statistic: WRITER_QUEUE_LENGTH
2017-07-16 16:52:25.709 [restartedMain] DEBUG net.sf.ehcache.statistics.extended.ExtendedStatisticsImpl - Mocking Pass-Through Statistic: REMOTE_SIZE
2017-07-16 16:52:25.710 [restartedMain] DEBUG net.sf.ehcache.statistics.extended.ExtendedStatisticsImpl - Mocking Pass-Through Statistic: LAST_REJOIN_TIMESTAMP
2017-07-16 16:52:25.742 [restartedMain] DEBUG net.sf.ehcache.statistics.extended.ExtendedStatisticsImpl - Mocking Operation Statistic: OFFHEAP_GET
2017-07-16 16:52:25.744 [restartedMain] DEBUG net.sf.ehcache.statistics.extended.ExtendedStatisticsImpl - Mocking Operation Statistic: OFFHEAP_PUT
2017-07-16 16:52:25.745 [restartedMain] DEBUG net.sf.ehcache.statistics.extended.ExtendedStatisticsImpl - Mocking Operation Statistic: OFFHEAP_REMOVE
2017-07-16 16:52:25.748 [restartedMain] DEBUG net.sf.ehcache.statistics.extended.ExtendedStatisticsImpl - Mocking Operation Statistic: XA_COMMIT
2017-07-16 16:52:25.749 [restartedMain] DEBUG net.sf.ehcache.statistics.extended.ExtendedStatisticsImpl - Mocking Operation Statistic: XA_ROLLBACK
2017-07-16 16:52:25.750 [restartedMain] DEBUG net.sf.ehcache.statistics.extended.ExtendedStatisticsImpl - Mocking Operation Statistic: XA_RECOVERY
2017-07-16 16:52:25.751 [restartedMain] DEBUG net.sf.ehcache.statistics.extended.ExtendedStatisticsImpl - Mocking Operation Statistic: CLUSTER_EVENT
2017-07-16 16:52:25.752 [restartedMain] DEBUG net.sf.ehcache.statistics.extended.ExtendedStatisticsImpl - Mocking Operation Statistic: NONSTOP
2017-07-16 16:52:25.765 [restartedMain] DEBUG net.sf.ehcache.Cache - Initialised cache: resourceCache
2017-07-16 16:52:25.766 [restartedMain] DEBUG net.sf.ehcache.config.ConfigurationHelper - CacheDecoratorFactory not configured. Skipping for 'resourceCache'.
2017-07-16 16:52:25.767 [restartedMain] DEBUG net.sf.ehcache.config.ConfigurationHelper - CacheDecoratorFactory not configured for defaultCache. Skipping for 'resourceCache'.
2017-07-16 16:52:29.077 [restartedMain] INFO  com.alibaba.druid.pool.DruidDataSource - {dataSource-1} inited
2017-07-16 16:52:31.050 [restartedMain] WARN  org.hibernate.mapping.RootClass - HHH000038: Composite-id class does not override equals(): net.bubblyyi.base.entity.BorrowBook
2017-07-16 16:52:31.051 [restartedMain] WARN  org.hibernate.mapping.RootClass - HHH000039: Composite-id class does not override hashCode(): net.bubblyyi.base.entity.BorrowBook
2017-07-16 16:52:37.830 [restartedMain] INFO  org.apache.catalina.core.StandardService - Starting service Tomcat
2017-07-16 16:52:37.832 [restartedMain] INFO  org.apache.catalina.core.StandardEngine - Starting Servlet Engine: Apache Tomcat/8.5.6
2017-07-16 16:52:38.192 [localhost-startStop-1] INFO  org.apache.catalina.core.ContainerBase.[Tomcat].[localhost].[/] - Initializing Spring embedded WebApplicationContext
2017-07-16 16:52:54.003 [restartedMain] DEBUG net.bubblyyi.base.config.listener.ApplicationEventListener - 应用刷新
2017-07-16 16:52:54.049 [restartedMain] INFO  org.apache.coyote.http11.Http11NioProtocol - Initializing ProtocolHandler ["http-nio-8855"]
2017-07-16 16:52:54.130 [restartedMain] INFO  org.apache.coyote.http11.Http11NioProtocol - Starting ProtocolHandler [http-nio-8855]
2017-07-16 16:52:54.158 [restartedMain] INFO  org.apache.tomcat.util.net.NioSelectorPool - Using a shared selector for servlet write/read
2017-07-16 16:52:54.237 [restartedMain] DEBUG net.bubblyyi.base.config.listener.ApplicationEventListener - 应用已启动完成
2017-07-16 16:52:54.239 [restartedMain] INFO  net.bubblyyi.base.Application - Started Application in 44.178 seconds (JVM running for 53.217)
2017-07-16 16:52:54.239 [restartedMain] DEBUG net.bubblyyi.base.Application - 启动成功
2017-07-16 17:16:56.407 [http-nio-8855-exec-1] INFO  org.apache.catalina.core.ContainerBase.[Tomcat].[localhost].[/] - Initializing Spring FrameworkServlet 'dispatcherServlet'
2017-07-16 17:18:18.996 [http-nio-8855-exec-4] DEBUG org.hibernate.SQL - select user0_.id as id1_5_, user0_.create_time as create_t2_5_, user0_.delete_status as delete_s3_5_, user0_.locked as locked4_5_, user0_.password as password5_5_, user0_.telephone as telephon6_5_, user0_.update_time as update_t7_5_, user0_.user_code as user_cod8_5_, user0_.user_name as user_nam9_5_ from tb_user user0_ where user0_.user_code=?
2017-07-16 17:18:20.419 [http-nio-8855-exec-10] DEBUG org.hibernate.SQL - select user0_.id as id1_5_, user0_.create_time as create_t2_5_, user0_.delete_status as delete_s3_5_, user0_.locked as locked4_5_, user0_.password as password5_5_, user0_.telephone as telephon6_5_, user0_.update_time as update_t7_5_, user0_.user_code as user_cod8_5_, user0_.user_name as user_nam9_5_ from tb_user user0_ where user0_.user_name=?
2017-07-16 17:18:20.430 [http-nio-8855-exec-10] DEBUG org.hibernate.SQL - select roles0_.user_id as user_id1_6_0_, roles0_.role_id as role_id2_6_0_, role1_.id as id1_3_1_, role1_.create_time as create_t2_3_1_, role1_.description as descript3_3_1_, role1_.name as name4_3_1_, role1_.role_key as role_key5_3_1_, role1_.status as status6_3_1_, role1_.update_time as update_t7_3_1_ from tb_user_role roles0_ inner join tb_role role1_ on roles0_.role_id=role1_.id where roles0_.user_id=?
2017-07-16 17:18:20.876 [http-nio-8855-exec-10] DEBUG org.hibernate.SQL - select resources0_.role_id as role_id1_4_0_, resources0_.resource_id as resource2_4_0_, resource1_.id as id1_2_1_, resource1_.create_time as create_t2_2_1_, resource1_.description as descript3_2_1_, resource1_.icon as icon4_2_1_, resource1_.is_hide as is_hide5_2_1_, resource1_.level as level6_2_1_, resource1_.name as name7_2_1_, resource1_.parent_id as parent_13_2_1_, resource1_.sort as sort8_2_1_, resource1_.source_key as source_k9_2_1_, resource1_.source_url as source_10_2_1_, resource1_.type as type11_2_1_, resource1_.update_time as update_12_2_1_ from tb_role_resource resources0_ inner join tb_resource resource1_ on resources0_.resource_id=resource1_.id where resources0_.role_id=?
2017-07-16 17:18:20.975 [http-nio-8855-exec-10] DEBUG org.hibernate.SQL - select user0_.id as id1_5_, user0_.create_time as create_t2_5_, user0_.delete_status as delete_s3_5_, user0_.locked as locked4_5_, user0_.password as password5_5_, user0_.telephone as telephon6_5_, user0_.update_time as update_t7_5_, user0_.user_code as user_cod8_5_, user0_.user_name as user_nam9_5_ from tb_user user0_ where user0_.user_name=?
2017-07-16 17:18:21.012 [http-nio-8855-exec-10] DEBUG org.hibernate.SQL - select user0_.id as id1_5_, user0_.create_time as create_t2_5_, user0_.delete_status as delete_s3_5_, user0_.locked as locked4_5_, user0_.password as password5_5_, user0_.telephone as telephon6_5_, user0_.update_time as update_t7_5_, user0_.user_code as user_cod8_5_, user0_.user_name as user_nam9_5_ from tb_user user0_ where user0_.user_name=?
2017-07-16 17:18:21.024 [http-nio-8855-exec-10] DEBUG org.hibernate.SQL - select user0_.id as id1_5_, user0_.create_time as create_t2_5_, user0_.delete_status as delete_s3_5_, user0_.locked as locked4_5_, user0_.password as password5_5_, user0_.telephone as telephon6_5_, user0_.update_time as update_t7_5_, user0_.user_code as user_cod8_5_, user0_.user_name as user_nam9_5_ from tb_user user0_ where user0_.user_name=?
2017-07-16 17:18:22.455 [http-nio-8855-exec-6] DEBUG org.hibernate.SQL - select count(book0_.book_id) as col_0_0_ from tb_books book0_
2017-07-16 17:18:22.858 [http-nio-8855-exec-6] DEBUG org.hibernate.SQL - select book0_.book_id as book_id1_0_, book0_.book_author as book_aut2_0_, book0_.book_inventory as book_inv3_0_, book0_.book_name as book_nam4_0_, book0_.book_press as book_pre5_0_, book0_.current_inventory as current_6_0_ from tb_books book0_ limit ?
2017-07-16 17:18:30.279 [http-nio-8855-exec-7] DEBUG org.hibernate.SQL - select count(book0_.book_id) as col_0_0_ from tb_books book0_
2017-07-16 17:18:30.282 [http-nio-8855-exec-7] DEBUG org.hibernate.SQL - select book0_.book_id as book_id1_0_, book0_.book_author as book_aut2_0_, book0_.book_inventory as book_inv3_0_, book0_.book_name as book_nam4_0_, book0_.book_press as book_pre5_0_, book0_.current_inventory as current_6_0_ from tb_books book0_ limit ?
2017-07-16 17:18:52.188 [http-nio-8855-exec-2] DEBUG org.hibernate.SQL - select count(book0_.book_id) as col_0_0_ from tb_books book0_ where book0_.book_name like ?
2017-07-16 17:18:52.200 [http-nio-8855-exec-2] DEBUG org.hibernate.SQL - select book0_.book_id as book_id1_0_, book0_.book_author as book_aut2_0_, book0_.book_inventory as book_inv3_0_, book0_.book_name as book_nam4_0_, book0_.book_press as book_pre5_0_, book0_.current_inventory as current_6_0_ from tb_books book0_ where book0_.book_name like ? limit ?
2017-07-16 17:19:12.900 [http-nio-8855-exec-4] DEBUG org.hibernate.SQL - select user0_.id as id1_5_, user0_.create_time as create_t2_5_, user0_.delete_status as delete_s3_5_, user0_.locked as locked4_5_, user0_.password as password5_5_, user0_.telephone as telephon6_5_, user0_.update_time as update_t7_5_, user0_.user_code as user_cod8_5_, user0_.user_name as user_nam9_5_ from tb_user user0_ where user0_.user_name=?
2017-07-16 17:19:12.904 [http-nio-8855-exec-4] DEBUG org.hibernate.SQL - select roles0_.user_id as user_id1_6_0_, roles0_.role_id as role_id2_6_0_, role1_.id as id1_3_1_, role1_.create_time as create_t2_3_1_, role1_.description as descript3_3_1_, role1_.name as name4_3_1_, role1_.role_key as role_key5_3_1_, role1_.status as status6_3_1_, role1_.update_time as update_t7_3_1_ from tb_user_role roles0_ inner join tb_role role1_ on roles0_.role_id=role1_.id where roles0_.user_id=?
2017-07-16 17:19:12.923 [http-nio-8855-exec-4] DEBUG org.hibernate.SQL - select resources0_.role_id as role_id1_4_0_, resources0_.resource_id as resource2_4_0_, resource1_.id as id1_2_1_, resource1_.create_time as create_t2_2_1_, resource1_.description as descript3_2_1_, resource1_.icon as icon4_2_1_, resource1_.is_hide as is_hide5_2_1_, resource1_.level as level6_2_1_, resource1_.name as name7_2_1_, resource1_.parent_id as parent_13_2_1_, resource1_.sort as sort8_2_1_, resource1_.source_key as source_k9_2_1_, resource1_.source_url as source_10_2_1_, resource1_.type as type11_2_1_, resource1_.update_time as update_12_2_1_ from tb_role_resource resources0_ inner join tb_resource resource1_ on resources0_.resource_id=resource1_.id where resources0_.role_id=?
2017-07-16 17:19:12.969 [http-nio-8855-exec-4] DEBUG org.hibernate.SQL - select user0_.id as id1_5_, user0_.create_time as create_t2_5_, user0_.delete_status as delete_s3_5_, user0_.locked as locked4_5_, user0_.password as password5_5_, user0_.telephone as telephon6_5_, user0_.update_time as update_t7_5_, user0_.user_code as user_cod8_5_, user0_.user_name as user_nam9_5_ from tb_user user0_ where user0_.user_name=?
2017-07-16 17:19:12.983 [http-nio-8855-exec-4] DEBUG org.hibernate.SQL - select user0_.id as id1_5_, user0_.create_time as create_t2_5_, user0_.delete_status as delete_s3_5_, user0_.locked as locked4_5_, user0_.password as password5_5_, user0_.telephone as telephon6_5_, user0_.update_time as update_t7_5_, user0_.user_code as user_cod8_5_, user0_.user_name as user_nam9_5_ from tb_user user0_ where user0_.user_name=?
2017-07-16 17:19:12.992 [http-nio-8855-exec-4] DEBUG org.hibernate.SQL - select user0_.id as id1_5_, user0_.create_time as create_t2_5_, user0_.delete_status as delete_s3_5_, user0_.locked as locked4_5_, user0_.password as password5_5_, user0_.telephone as telephon6_5_, user0_.update_time as update_t7_5_, user0_.user_code as user_cod8_5_, user0_.user_name as user_nam9_5_ from tb_user user0_ where user0_.user_name=?
2017-07-16 17:19:13.438 [http-nio-8855-exec-4] DEBUG org.hibernate.SQL - select count(user0_.id) as col_0_0_ from tb_user user0_
2017-07-16 17:19:13.440 [http-nio-8855-exec-4] DEBUG org.hibernate.SQL - select user0_.id as id1_5_, user0_.create_time as create_t2_5_, user0_.delete_status as delete_s3_5_, user0_.locked as locked4_5_, user0_.password as password5_5_, user0_.telephone as telephon6_5_, user0_.update_time as update_t7_5_, user0_.user_code as user_cod8_5_, user0_.user_name as user_nam9_5_ from tb_user user0_ limit ?
2017-07-16 17:19:13.458 [http-nio-8855-exec-4] DEBUG org.hibernate.SQL - select roles0_.user_id as user_id1_6_0_, roles0_.role_id as role_id2_6_0_, role1_.id as id1_3_1_, role1_.create_time as create_t2_3_1_, role1_.description as descript3_3_1_, role1_.name as name4_3_1_, role1_.role_key as role_key5_3_1_, role1_.status as status6_3_1_, role1_.update_time as update_t7_3_1_ from tb_user_role roles0_ inner join tb_role role1_ on roles0_.role_id=role1_.id where roles0_.user_id=?
2017-07-16 17:19:13.467 [http-nio-8855-exec-4] DEBUG org.hibernate.SQL - select resources0_.role_id as role_id1_4_0_, resources0_.resource_id as resource2_4_0_, resource1_.id as id1_2_1_, resource1_.create_time as create_t2_2_1_, resource1_.description as descript3_2_1_, resource1_.icon as icon4_2_1_, resource1_.is_hide as is_hide5_2_1_, resource1_.level as level6_2_1_, resource1_.name as name7_2_1_, resource1_.parent_id as parent_13_2_1_, resource1_.sort as sort8_2_1_, resource1_.source_key as source_k9_2_1_, resource1_.source_url as source_10_2_1_, resource1_.type as type11_2_1_, resource1_.update_time as update_12_2_1_ from tb_role_resource resources0_ inner join tb_resource resource1_ on resources0_.resource_id=resource1_.id where resources0_.role_id=?
2017-07-16 17:19:13.555 [http-nio-8855-exec-4] DEBUG org.hibernate.SQL - select roles0_.user_id as user_id1_6_0_, roles0_.role_id as role_id2_6_0_, role1_.id as id1_3_1_, role1_.create_time as create_t2_3_1_, role1_.description as descript3_3_1_, role1_.name as name4_3_1_, role1_.role_key as role_key5_3_1_, role1_.status as status6_3_1_, role1_.update_time as update_t7_3_1_ from tb_user_role roles0_ inner join tb_role role1_ on roles0_.role_id=role1_.id where roles0_.user_id=?
2017-07-16 17:19:13.559 [http-nio-8855-exec-4] DEBUG org.hibernate.SQL - select resources0_.role_id as role_id1_4_0_, resources0_.resource_id as resource2_4_0_, resource1_.id as id1_2_1_, resource1_.create_time as create_t2_2_1_, resource1_.description as descript3_2_1_, resource1_.icon as icon4_2_1_, resource1_.is_hide as is_hide5_2_1_, resource1_.level as level6_2_1_, resource1_.name as name7_2_1_, resource1_.parent_id as parent_13_2_1_, resource1_.sort as sort8_2_1_, resource1_.source_key as source_k9_2_1_, resource1_.source_url as source_10_2_1_, resource1_.type as type11_2_1_, resource1_.update_time as update_12_2_1_ from tb_role_resource resources0_ inner join tb_resource resource1_ on resources0_.resource_id=resource1_.id where resources0_.role_id=?
2017-07-16 17:19:13.563 [http-nio-8855-exec-4] DEBUG org.hibernate.SQL - select roles0_.user_id as user_id1_6_0_, roles0_.role_id as role_id2_6_0_, role1_.id as id1_3_1_, role1_.create_time as create_t2_3_1_, role1_.description as descript3_3_1_, role1_.name as name4_3_1_, role1_.role_key as role_key5_3_1_, role1_.status as status6_3_1_, role1_.update_time as update_t7_3_1_ from tb_user_role roles0_ inner join tb_role role1_ on roles0_.role_id=role1_.id where roles0_.user_id=?
2017-07-16 17:19:17.647 [http-nio-8855-exec-6] DEBUG org.hibernate.SQL - select user0_.id as id1_5_, user0_.create_time as create_t2_5_, user0_.delete_status as delete_s3_5_, user0_.locked as locked4_5_, user0_.password as password5_5_, user0_.telephone as telephon6_5_, user0_.update_time as update_t7_5_, user0_.user_code as user_cod8_5_, user0_.user_name as user_nam9_5_ from tb_user user0_ where user0_.user_name=?
2017-07-16 17:19:17.651 [http-nio-8855-exec-6] DEBUG org.hibernate.SQL - select roles0_.user_id as user_id1_6_0_, roles0_.role_id as role_id2_6_0_, role1_.id as id1_3_1_, role1_.create_time as create_t2_3_1_, role1_.description as descript3_3_1_, role1_.name as name4_3_1_, role1_.role_key as role_key5_3_1_, role1_.status as status6_3_1_, role1_.update_time as update_t7_3_1_ from tb_user_role roles0_ inner join tb_role role1_ on roles0_.role_id=role1_.id where roles0_.user_id=?
2017-07-16 17:19:17.654 [http-nio-8855-exec-6] DEBUG org.hibernate.SQL - select resources0_.role_id as role_id1_4_0_, resources0_.resource_id as resource2_4_0_, resource1_.id as id1_2_1_, resource1_.create_time as create_t2_2_1_, resource1_.description as descript3_2_1_, resource1_.icon as icon4_2_1_, resource1_.is_hide as is_hide5_2_1_, resource1_.level as level6_2_1_, resource1_.name as name7_2_1_, resource1_.parent_id as parent_13_2_1_, resource1_.sort as sort8_2_1_, resource1_.source_key as source_k9_2_1_, resource1_.source_url as source_10_2_1_, resource1_.type as type11_2_1_, resource1_.update_time as update_12_2_1_ from tb_role_resource resources0_ inner join tb_resource resource1_ on resources0_.resource_id=resource1_.id where resources0_.role_id=?
2017-07-16 17:19:17.674 [http-nio-8855-exec-6] DEBUG org.hibernate.SQL - select user0_.id as id1_5_, user0_.create_time as create_t2_5_, user0_.delete_status as delete_s3_5_, user0_.locked as locked4_5_, user0_.password as password5_5_, user0_.telephone as telephon6_5_, user0_.update_time as update_t7_5_, user0_.user_code as user_cod8_5_, user0_.user_name as user_nam9_5_ from tb_user user0_ where user0_.user_name=?
2017-07-16 17:19:17.682 [http-nio-8855-exec-6] DEBUG org.hibernate.SQL - select user0_.id as id1_5_, user0_.create_time as create_t2_5_, user0_.delete_status as delete_s3_5_, user0_.locked as locked4_5_, user0_.password as password5_5_, user0_.telephone as telephon6_5_, user0_.update_time as update_t7_5_, user0_.user_code as user_cod8_5_, user0_.user_name as user_nam9_5_ from tb_user user0_ where user0_.user_name=?
2017-07-16 17:19:17.695 [http-nio-8855-exec-6] DEBUG org.hibernate.SQL - select user0_.id as id1_5_, user0_.create_time as create_t2_5_, user0_.delete_status as delete_s3_5_, user0_.locked as locked4_5_, user0_.password as password5_5_, user0_.telephone as telephon6_5_, user0_.update_time as update_t7_5_, user0_.user_code as user_cod8_5_, user0_.user_name as user_nam9_5_ from tb_user user0_ where user0_.user_name=?
2017-07-16 17:19:18.224 [http-nio-8855-exec-2] DEBUG org.hibernate.SQL - select count(role0_.id) as col_0_0_ from tb_role role0_
2017-07-16 17:19:18.226 [http-nio-8855-exec-2] DEBUG org.hibernate.SQL - select role0_.id as id1_3_, role0_.create_time as create_t2_3_, role0_.description as descript3_3_, role0_.name as name4_3_, role0_.role_key as role_key5_3_, role0_.status as status6_3_, role0_.update_time as update_t7_3_ from tb_role role0_ limit ?
2017-07-16 17:19:18.233 [http-nio-8855-exec-2] DEBUG org.hibernate.SQL - select resources0_.role_id as role_id1_4_0_, resources0_.resource_id as resource2_4_0_, resource1_.id as id1_2_1_, resource1_.create_time as create_t2_2_1_, resource1_.description as descript3_2_1_, resource1_.icon as icon4_2_1_, resource1_.is_hide as is_hide5_2_1_, resource1_.level as level6_2_1_, resource1_.name as name7_2_1_, resource1_.parent_id as parent_13_2_1_, resource1_.sort as sort8_2_1_, resource1_.source_key as source_k9_2_1_, resource1_.source_url as source_10_2_1_, resource1_.type as type11_2_1_, resource1_.update_time as update_12_2_1_ from tb_role_resource resources0_ inner join tb_resource resource1_ on resources0_.resource_id=resource1_.id where resources0_.role_id=?
2017-07-16 17:19:18.258 [http-nio-8855-exec-2] DEBUG org.hibernate.SQL - select resources0_.role_id as role_id1_4_0_, resources0_.resource_id as resource2_4_0_, resource1_.id as id1_2_1_, resource1_.create_time as create_t2_2_1_, resource1_.description as descript3_2_1_, resource1_.icon as icon4_2_1_, resource1_.is_hide as is_hide5_2_1_, resource1_.level as level6_2_1_, resource1_.name as name7_2_1_, resource1_.parent_id as parent_13_2_1_, resource1_.sort as sort8_2_1_, resource1_.source_key as source_k9_2_1_, resource1_.source_url as source_10_2_1_, resource1_.type as type11_2_1_, resource1_.update_time as update_12_2_1_ from tb_role_resource resources0_ inner join tb_resource resource1_ on resources0_.resource_id=resource1_.id where resources0_.role_id=?
2017-07-16 17:19:19.614 [http-nio-8855-exec-7] DEBUG org.hibernate.SQL - select user0_.id as id1_5_, user0_.create_time as create_t2_5_, user0_.delete_status as delete_s3_5_, user0_.locked as locked4_5_, user0_.password as password5_5_, user0_.telephone as telephon6_5_, user0_.update_time as update_t7_5_, user0_.user_code as user_cod8_5_, user0_.user_name as user_nam9_5_ from tb_user user0_ where user0_.user_name=?
2017-07-16 17:19:19.618 [http-nio-8855-exec-7] DEBUG org.hibernate.SQL - select roles0_.user_id as user_id1_6_0_, roles0_.role_id as role_id2_6_0_, role1_.id as id1_3_1_, role1_.create_time as create_t2_3_1_, role1_.description as descript3_3_1_, role1_.name as name4_3_1_, role1_.role_key as role_key5_3_1_, role1_.status as status6_3_1_, role1_.update_time as update_t7_3_1_ from tb_user_role roles0_ inner join tb_role role1_ on roles0_.role_id=role1_.id where roles0_.user_id=?
2017-07-16 17:19:19.621 [http-nio-8855-exec-7] DEBUG org.hibernate.SQL - select resources0_.role_id as role_id1_4_0_, resources0_.resource_id as resource2_4_0_, resource1_.id as id1_2_1_, resource1_.create_time as create_t2_2_1_, resource1_.description as descript3_2_1_, resource1_.icon as icon4_2_1_, resource1_.is_hide as is_hide5_2_1_, resource1_.level as level6_2_1_, resource1_.name as name7_2_1_, resource1_.parent_id as parent_13_2_1_, resource1_.sort as sort8_2_1_, resource1_.source_key as source_k9_2_1_, resource1_.source_url as source_10_2_1_, resource1_.type as type11_2_1_, resource1_.update_time as update_12_2_1_ from tb_role_resource resources0_ inner join tb_resource resource1_ on resources0_.resource_id=resource1_.id where resources0_.role_id=?
2017-07-16 17:19:19.963 [http-nio-8855-exec-7] DEBUG org.hibernate.SQL - select user0_.id as id1_5_, user0_.create_time as create_t2_5_, user0_.delete_status as delete_s3_5_, user0_.locked as locked4_5_, user0_.password as password5_5_, user0_.telephone as telephon6_5_, user0_.update_time as update_t7_5_, user0_.user_code as user_cod8_5_, user0_.user_name as user_nam9_5_ from tb_user user0_ where user0_.user_name=?
2017-07-16 17:19:19.970 [http-nio-8855-exec-7] DEBUG org.hibernate.SQL - select user0_.id as id1_5_, user0_.create_time as create_t2_5_, user0_.delete_status as delete_s3_5_, user0_.locked as locked4_5_, user0_.password as password5_5_, user0_.telephone as telephon6_5_, user0_.update_time as update_t7_5_, user0_.user_code as user_cod8_5_, user0_.user_name as user_nam9_5_ from tb_user user0_ where user0_.user_name=?
2017-07-16 17:19:19.976 [http-nio-8855-exec-7] DEBUG org.hibernate.SQL - select user0_.id as id1_5_, user0_.create_time as create_t2_5_, user0_.delete_status as delete_s3_5_, user0_.locked as locked4_5_, user0_.password as password5_5_, user0_.telephone as telephon6_5_, user0_.update_time as update_t7_5_, user0_.user_code as user_cod8_5_, user0_.user_name as user_nam9_5_ from tb_user user0_ where user0_.user_name=?
2017-07-16 17:19:20.329 [http-nio-8855-exec-2] DEBUG org.hibernate.SQL - select count(resource0_.id) as col_0_0_ from tb_resource resource0_
2017-07-16 17:19:20.433 [http-nio-8855-exec-2] DEBUG org.hibernate.SQL - select resource0_.id as id1_2_, resource0_.create_time as create_t2_2_, resource0_.description as descript3_2_, resource0_.icon as icon4_2_, resource0_.is_hide as is_hide5_2_, resource0_.level as level6_2_, resource0_.name as name7_2_, resource0_.parent_id as parent_13_2_, resource0_.sort as sort8_2_, resource0_.source_key as source_k9_2_, resource0_.source_url as source_10_2_, resource0_.type as type11_2_, resource0_.update_time as update_12_2_ from tb_resource resource0_ limit ?
2017-07-16 17:19:57.159 [http-nio-8855-exec-1] DEBUG org.hibernate.SQL - select count(resource0_.id) as col_0_0_ from tb_resource resource0_
2017-07-16 17:19:57.161 [http-nio-8855-exec-1] DEBUG org.hibernate.SQL - select resource0_.id as id1_2_, resource0_.create_time as create_t2_2_, resource0_.description as descript3_2_, resource0_.icon as icon4_2_, resource0_.is_hide as is_hide5_2_, resource0_.level as level6_2_, resource0_.name as name7_2_, resource0_.parent_id as parent_13_2_, resource0_.sort as sort8_2_, resource0_.source_key as source_k9_2_, resource0_.source_url as source_10_2_, resource0_.type as type11_2_, resource0_.update_time as update_12_2_ from tb_resource resource0_ limit ?, ?
2017-07-16 17:19:57.272 [http-nio-8855-exec-1] DEBUG org.hibernate.SQL - select resource0_.id as id1_2_0_, resource0_.create_time as create_t2_2_0_, resource0_.description as descript3_2_0_, resource0_.icon as icon4_2_0_, resource0_.is_hide as is_hide5_2_0_, resource0_.level as level6_2_0_, resource0_.name as name7_2_0_, resource0_.parent_id as parent_13_2_0_, resource0_.sort as sort8_2_0_, resource0_.source_key as source_k9_2_0_, resource0_.source_url as source_10_2_0_, resource0_.type as type11_2_0_, resource0_.update_time as update_12_2_0_ from tb_resource resource0_ where resource0_.id=?
2017-07-16 17:19:59.396 [http-nio-8855-exec-8] DEBUG org.hibernate.SQL - select count(resource0_.id) as col_0_0_ from tb_resource resource0_
2017-07-16 17:19:59.398 [http-nio-8855-exec-8] DEBUG org.hibernate.SQL - select resource0_.id as id1_2_, resource0_.create_time as create_t2_2_, resource0_.description as descript3_2_, resource0_.icon as icon4_2_, resource0_.is_hide as is_hide5_2_, resource0_.level as level6_2_, resource0_.name as name7_2_, resource0_.parent_id as parent_13_2_, resource0_.sort as sort8_2_, resource0_.source_key as source_k9_2_, resource0_.source_url as source_10_2_, resource0_.type as type11_2_, resource0_.update_time as update_12_2_ from tb_resource resource0_ limit ?, ?
2017-07-16 17:20:03.628 [http-nio-8855-exec-2] DEBUG org.hibernate.SQL - select user0_.id as id1_5_, user0_.create_time as create_t2_5_, user0_.delete_status as delete_s3_5_, user0_.locked as locked4_5_, user0_.password as password5_5_, user0_.telephone as telephon6_5_, user0_.update_time as update_t7_5_, user0_.user_code as user_cod8_5_, user0_.user_name as user_nam9_5_ from tb_user user0_ where user0_.user_name=?
2017-07-16 17:20:03.635 [http-nio-8855-exec-2] DEBUG org.hibernate.SQL - select roles0_.user_id as user_id1_6_0_, roles0_.role_id as role_id2_6_0_, role1_.id as id1_3_1_, role1_.create_time as create_t2_3_1_, role1_.description as descript3_3_1_, role1_.name as name4_3_1_, role1_.role_key as role_key5_3_1_, role1_.status as status6_3_1_, role1_.update_time as update_t7_3_1_ from tb_user_role roles0_ inner join tb_role role1_ on roles0_.role_id=role1_.id where roles0_.user_id=?
2017-07-16 17:20:03.638 [http-nio-8855-exec-2] DEBUG org.hibernate.SQL - select resources0_.role_id as role_id1_4_0_, resources0_.resource_id as resource2_4_0_, resource1_.id as id1_2_1_, resource1_.create_time as create_t2_2_1_, resource1_.description as descript3_2_1_, resource1_.icon as icon4_2_1_, resource1_.is_hide as is_hide5_2_1_, resource1_.level as level6_2_1_, resource1_.name as name7_2_1_, resource1_.parent_id as parent_13_2_1_, resource1_.sort as sort8_2_1_, resource1_.source_key as source_k9_2_1_, resource1_.source_url as source_10_2_1_, resource1_.type as type11_2_1_, resource1_.update_time as update_12_2_1_ from tb_role_resource resources0_ inner join tb_resource resource1_ on resources0_.resource_id=resource1_.id where resources0_.role_id=?
2017-07-16 17:20:03.655 [http-nio-8855-exec-2] DEBUG org.hibernate.SQL - select user0_.id as id1_5_, user0_.create_time as create_t2_5_, user0_.delete_status as delete_s3_5_, user0_.locked as locked4_5_, user0_.password as password5_5_, user0_.telephone as telephon6_5_, user0_.update_time as update_t7_5_, user0_.user_code as user_cod8_5_, user0_.user_name as user_nam9_5_ from tb_user user0_ where user0_.user_name=?
2017-07-16 17:20:03.662 [http-nio-8855-exec-2] DEBUG org.hibernate.SQL - select user0_.id as id1_5_, user0_.create_time as create_t2_5_, user0_.delete_status as delete_s3_5_, user0_.locked as locked4_5_, user0_.password as password5_5_, user0_.telephone as telephon6_5_, user0_.update_time as update_t7_5_, user0_.user_code as user_cod8_5_, user0_.user_name as user_nam9_5_ from tb_user user0_ where user0_.user_name=?
2017-07-16 17:20:03.672 [http-nio-8855-exec-2] DEBUG org.hibernate.SQL - select user0_.id as id1_5_, user0_.create_time as create_t2_5_, user0_.delete_status as delete_s3_5_, user0_.locked as locked4_5_, user0_.password as password5_5_, user0_.telephone as telephon6_5_, user0_.update_time as update_t7_5_, user0_.user_code as user_cod8_5_, user0_.user_name as user_nam9_5_ from tb_user user0_ where user0_.user_name=?
2017-07-16 17:20:03.874 [http-nio-8855-exec-8] DEBUG org.hibernate.SQL - select user0_.id as id1_5_, user0_.create_time as create_t2_5_, user0_.delete_status as delete_s3_5_, user0_.locked as locked4_5_, user0_.password as password5_5_, user0_.telephone as telephon6_5_, user0_.update_time as update_t7_5_, user0_.user_code as user_cod8_5_, user0_.user_name as user_nam9_5_ from tb_user user0_ where user0_.user_name=?
2017-07-16 17:20:03.877 [http-nio-8855-exec-8] DEBUG org.hibernate.SQL - select roles0_.user_id as user_id1_6_0_, roles0_.role_id as role_id2_6_0_, role1_.id as id1_3_1_, role1_.create_time as create_t2_3_1_, role1_.description as descript3_3_1_, role1_.name as name4_3_1_, role1_.role_key as role_key5_3_1_, role1_.status as status6_3_1_, role1_.update_time as update_t7_3_1_ from tb_user_role roles0_ inner join tb_role role1_ on roles0_.role_id=role1_.id where roles0_.user_id=?
2017-07-16 17:20:03.880 [http-nio-8855-exec-8] DEBUG org.hibernate.SQL - select resources0_.role_id as role_id1_4_0_, resources0_.resource_id as resource2_4_0_, resource1_.id as id1_2_1_, resource1_.create_time as create_t2_2_1_, resource1_.description as descript3_2_1_, resource1_.icon as icon4_2_1_, resource1_.is_hide as is_hide5_2_1_, resource1_.level as level6_2_1_, resource1_.name as name7_2_1_, resource1_.parent_id as parent_13_2_1_, resource1_.sort as sort8_2_1_, resource1_.source_key as source_k9_2_1_, resource1_.source_url as source_10_2_1_, resource1_.type as type11_2_1_, resource1_.update_time as update_12_2_1_ from tb_role_resource resources0_ inner join tb_resource resource1_ on resources0_.resource_id=resource1_.id where resources0_.role_id=?
2017-07-16 17:20:03.917 [http-nio-8855-exec-8] DEBUG org.hibernate.SQL - select user0_.id as id1_5_, user0_.create_time as create_t2_5_, user0_.delete_status as delete_s3_5_, user0_.locked as locked4_5_, user0_.password as password5_5_, user0_.telephone as telephon6_5_, user0_.update_time as update_t7_5_, user0_.user_code as user_cod8_5_, user0_.user_name as user_nam9_5_ from tb_user user0_ where user0_.user_name=?
2017-07-16 17:20:03.927 [http-nio-8855-exec-8] DEBUG org.hibernate.SQL - select user0_.id as id1_5_, user0_.create_time as create_t2_5_, user0_.delete_status as delete_s3_5_, user0_.locked as locked4_5_, user0_.password as password5_5_, user0_.telephone as telephon6_5_, user0_.update_time as update_t7_5_, user0_.user_code as user_cod8_5_, user0_.user_name as user_nam9_5_ from tb_user user0_ where user0_.user_name=?
2017-07-16 17:20:03.934 [http-nio-8855-exec-8] DEBUG org.hibernate.SQL - select user0_.id as id1_5_, user0_.create_time as create_t2_5_, user0_.delete_status as delete_s3_5_, user0_.locked as locked4_5_, user0_.password as password5_5_, user0_.telephone as telephon6_5_, user0_.update_time as update_t7_5_, user0_.user_code as user_cod8_5_, user0_.user_name as user_nam9_5_ from tb_user user0_ where user0_.user_name=?
2017-07-16 17:20:04.265 [http-nio-8855-exec-10] DEBUG org.hibernate.SQL - select count(resource0_.id) as col_0_0_ from tb_resource resource0_
2017-07-16 17:20:04.267 [http-nio-8855-exec-10] DEBUG org.hibernate.SQL - select resource0_.id as id1_2_, resource0_.create_time as create_t2_2_, resource0_.description as descript3_2_, resource0_.icon as icon4_2_, resource0_.is_hide as is_hide5_2_, resource0_.level as level6_2_, resource0_.name as name7_2_, resource0_.parent_id as parent_13_2_, resource0_.sort as sort8_2_, resource0_.source_key as source_k9_2_, resource0_.source_url as source_10_2_, resource0_.type as type11_2_, resource0_.update_time as update_12_2_ from tb_resource resource0_ limit ?
2017-07-16 17:20:06.989 [http-nio-8855-exec-4] DEBUG org.hibernate.SQL - select count(book0_.book_id) as col_0_0_ from tb_books book0_
2017-07-16 17:20:06.992 [http-nio-8855-exec-4] DEBUG org.hibernate.SQL - select book0_.book_id as book_id1_0_, book0_.book_author as book_aut2_0_, book0_.book_inventory as book_inv3_0_, book0_.book_name as book_nam4_0_, book0_.book_press as book_pre5_0_, book0_.current_inventory as current_6_0_ from tb_books book0_ limit ?
2017-07-16 17:20:09.423 [http-nio-8855-exec-6] DEBUG org.hibernate.SQL - select user0_.id as id1_5_, user0_.create_time as create_t2_5_, user0_.delete_status as delete_s3_5_, user0_.locked as locked4_5_, user0_.password as password5_5_, user0_.telephone as telephon6_5_, user0_.update_time as update_t7_5_, user0_.user_code as user_cod8_5_, user0_.user_name as user_nam9_5_ from tb_user user0_ where user0_.user_name=?
2017-07-16 17:20:09.435 [http-nio-8855-exec-6] DEBUG org.hibernate.SQL - select roles0_.user_id as user_id1_6_0_, roles0_.role_id as role_id2_6_0_, role1_.id as id1_3_1_, role1_.create_time as create_t2_3_1_, role1_.description as descript3_3_1_, role1_.name as name4_3_1_, role1_.role_key as role_key5_3_1_, role1_.status as status6_3_1_, role1_.update_time as update_t7_3_1_ from tb_user_role roles0_ inner join tb_role role1_ on roles0_.role_id=role1_.id where roles0_.user_id=?
2017-07-16 17:20:09.441 [http-nio-8855-exec-6] DEBUG org.hibernate.SQL - select resources0_.role_id as role_id1_4_0_, resources0_.resource_id as resource2_4_0_, resource1_.id as id1_2_1_, resource1_.create_time as create_t2_2_1_, resource1_.description as descript3_2_1_, resource1_.icon as icon4_2_1_, resource1_.is_hide as is_hide5_2_1_, resource1_.level as level6_2_1_, resource1_.name as name7_2_1_, resource1_.parent_id as parent_13_2_1_, resource1_.sort as sort8_2_1_, resource1_.source_key as source_k9_2_1_, resource1_.source_url as source_10_2_1_, resource1_.type as type11_2_1_, resource1_.update_time as update_12_2_1_ from tb_role_resource resources0_ inner join tb_resource resource1_ on resources0_.resource_id=resource1_.id where resources0_.role_id=?
2017-07-16 17:20:09.461 [http-nio-8855-exec-6] DEBUG org.hibernate.SQL - select user0_.id as id1_5_, user0_.create_time as create_t2_5_, user0_.delete_status as delete_s3_5_, user0_.locked as locked4_5_, user0_.password as password5_5_, user0_.telephone as telephon6_5_, user0_.update_time as update_t7_5_, user0_.user_code as user_cod8_5_, user0_.user_name as user_nam9_5_ from tb_user user0_ where user0_.user_name=?
2017-07-16 17:20:09.468 [http-nio-8855-exec-6] DEBUG org.hibernate.SQL - select user0_.id as id1_5_, user0_.create_time as create_t2_5_, user0_.delete_status as delete_s3_5_, user0_.locked as locked4_5_, user0_.password as password5_5_, user0_.telephone as telephon6_5_, user0_.update_time as update_t7_5_, user0_.user_code as user_cod8_5_, user0_.user_name as user_nam9_5_ from tb_user user0_ where user0_.user_name=?
2017-07-16 17:20:09.529 [http-nio-8855-exec-6] DEBUG org.hibernate.SQL - select user0_.id as id1_5_, user0_.create_time as create_t2_5_, user0_.delete_status as delete_s3_5_, user0_.locked as locked4_5_, user0_.password as password5_5_, user0_.telephone as telephon6_5_, user0_.update_time as update_t7_5_, user0_.user_code as user_cod8_5_, user0_.user_name as user_nam9_5_ from tb_user user0_ where user0_.user_name=?
2017-07-16 17:20:09.918 [http-nio-8855-exec-9] DEBUG org.hibernate.SQL - select count(role0_.id) as col_0_0_ from tb_role role0_
2017-07-16 17:20:09.921 [http-nio-8855-exec-9] DEBUG org.hibernate.SQL - select role0_.id as id1_3_, role0_.create_time as create_t2_3_, role0_.description as descript3_3_, role0_.name as name4_3_, role0_.role_key as role_key5_3_, role0_.status as status6_3_, role0_.update_time as update_t7_3_ from tb_role role0_ limit ?
2017-07-16 17:20:09.933 [http-nio-8855-exec-9] DEBUG org.hibernate.SQL - select resources0_.role_id as role_id1_4_0_, resources0_.resource_id as resource2_4_0_, resource1_.id as id1_2_1_, resource1_.create_time as create_t2_2_1_, resource1_.description as descript3_2_1_, resource1_.icon as icon4_2_1_, resource1_.is_hide as is_hide5_2_1_, resource1_.level as level6_2_1_, resource1_.name as name7_2_1_, resource1_.parent_id as parent_13_2_1_, resource1_.sort as sort8_2_1_, resource1_.source_key as source_k9_2_1_, resource1_.source_url as source_10_2_1_, resource1_.type as type11_2_1_, resource1_.update_time as update_12_2_1_ from tb_role_resource resources0_ inner join tb_resource resource1_ on resources0_.resource_id=resource1_.id where resources0_.role_id=?
2017-07-16 17:20:09.961 [http-nio-8855-exec-9] DEBUG org.hibernate.SQL - select resources0_.role_id as role_id1_4_0_, resources0_.resource_id as resource2_4_0_, resource1_.id as id1_2_1_, resource1_.create_time as create_t2_2_1_, resource1_.description as descript3_2_1_, resource1_.icon as icon4_2_1_, resource1_.is_hide as is_hide5_2_1_, resource1_.level as level6_2_1_, resource1_.name as name7_2_1_, resource1_.parent_id as parent_13_2_1_, resource1_.sort as sort8_2_1_, resource1_.source_key as source_k9_2_1_, resource1_.source_url as source_10_2_1_, resource1_.type as type11_2_1_, resource1_.update_time as update_12_2_1_ from tb_role_resource resources0_ inner join tb_resource resource1_ on resources0_.resource_id=resource1_.id where resources0_.role_id=?
2017-07-16 17:20:10.972 [http-nio-8855-exec-5] DEBUG org.hibernate.SQL - select user0_.id as id1_5_, user0_.create_time as create_t2_5_, user0_.delete_status as delete_s3_5_, user0_.locked as locked4_5_, user0_.password as password5_5_, user0_.telephone as telephon6_5_, user0_.update_time as update_t7_5_, user0_.user_code as user_cod8_5_, user0_.user_name as user_nam9_5_ from tb_user user0_ where user0_.user_name=?
2017-07-16 17:20:10.976 [http-nio-8855-exec-5] DEBUG org.hibernate.SQL - select roles0_.user_id as user_id1_6_0_, roles0_.role_id as role_id2_6_0_, role1_.id as id1_3_1_, role1_.create_time as create_t2_3_1_, role1_.description as descript3_3_1_, role1_.name as name4_3_1_, role1_.role_key as role_key5_3_1_, role1_.status as status6_3_1_, role1_.update_time as update_t7_3_1_ from tb_user_role roles0_ inner join tb_role role1_ on roles0_.role_id=role1_.id where roles0_.user_id=?
2017-07-16 17:20:10.980 [http-nio-8855-exec-5] DEBUG org.hibernate.SQL - select resources0_.role_id as role_id1_4_0_, resources0_.resource_id as resource2_4_0_, resource1_.id as id1_2_1_, resource1_.create_time as create_t2_2_1_, resource1_.description as descript3_2_1_, resource1_.icon as icon4_2_1_, resource1_.is_hide as is_hide5_2_1_, resource1_.level as level6_2_1_, resource1_.name as name7_2_1_, resource1_.parent_id as parent_13_2_1_, resource1_.sort as sort8_2_1_, resource1_.source_key as source_k9_2_1_, resource1_.source_url as source_10_2_1_, resource1_.type as type11_2_1_, resource1_.update_time as update_12_2_1_ from tb_role_resource resources0_ inner join tb_resource resource1_ on resources0_.resource_id=resource1_.id where resources0_.role_id=?
2017-07-16 17:20:10.994 [http-nio-8855-exec-5] DEBUG org.hibernate.SQL - select user0_.id as id1_5_, user0_.create_time as create_t2_5_, user0_.delete_status as delete_s3_5_, user0_.locked as locked4_5_, user0_.password as password5_5_, user0_.telephone as telephon6_5_, user0_.update_time as update_t7_5_, user0_.user_code as user_cod8_5_, user0_.user_name as user_nam9_5_ from tb_user user0_ where user0_.user_name=?
2017-07-16 17:20:11.001 [http-nio-8855-exec-5] DEBUG org.hibernate.SQL - select user0_.id as id1_5_, user0_.create_time as create_t2_5_, user0_.delete_status as delete_s3_5_, user0_.locked as locked4_5_, user0_.password as password5_5_, user0_.telephone as telephon6_5_, user0_.update_time as update_t7_5_, user0_.user_code as user_cod8_5_, user0_.user_name as user_nam9_5_ from tb_user user0_ where user0_.user_name=?
2017-07-16 17:20:11.012 [http-nio-8855-exec-5] DEBUG org.hibernate.SQL - select user0_.id as id1_5_, user0_.create_time as create_t2_5_, user0_.delete_status as delete_s3_5_, user0_.locked as locked4_5_, user0_.password as password5_5_, user0_.telephone as telephon6_5_, user0_.update_time as update_t7_5_, user0_.user_code as user_cod8_5_, user0_.user_name as user_nam9_5_ from tb_user user0_ where user0_.user_name=?
2017-07-16 17:20:11.305 [http-nio-8855-exec-8] DEBUG org.hibernate.SQL - select count(user0_.id) as col_0_0_ from tb_user user0_
2017-07-16 17:20:11.307 [http-nio-8855-exec-8] DEBUG org.hibernate.SQL - select user0_.id as id1_5_, user0_.create_time as create_t2_5_, user0_.delete_status as delete_s3_5_, user0_.locked as locked4_5_, user0_.password as password5_5_, user0_.telephone as telephon6_5_, user0_.update_time as update_t7_5_, user0_.user_code as user_cod8_5_, user0_.user_name as user_nam9_5_ from tb_user user0_ limit ?
2017-07-16 17:20:11.357 [http-nio-8855-exec-8] DEBUG org.hibernate.SQL - select roles0_.user_id as user_id1_6_0_, roles0_.role_id as role_id2_6_0_, role1_.id as id1_3_1_, role1_.create_time as create_t2_3_1_, role1_.description as descript3_3_1_, role1_.name as name4_3_1_, role1_.role_key as role_key5_3_1_, role1_.status as status6_3_1_, role1_.update_time as update_t7_3_1_ from tb_user_role roles0_ inner join tb_role role1_ on roles0_.role_id=role1_.id where roles0_.user_id=?
2017-07-16 17:20:11.362 [http-nio-8855-exec-8] DEBUG org.hibernate.SQL - select resources0_.role_id as role_id1_4_0_, resources0_.resource_id as resource2_4_0_, resource1_.id as id1_2_1_, resource1_.create_time as create_t2_2_1_, resource1_.description as descript3_2_1_, resource1_.icon as icon4_2_1_, resource1_.is_hide as is_hide5_2_1_, resource1_.level as level6_2_1_, resource1_.name as name7_2_1_, resource1_.parent_id as parent_13_2_1_, resource1_.sort as sort8_2_1_, resource1_.source_key as source_k9_2_1_, resource1_.source_url as source_10_2_1_, resource1_.type as type11_2_1_, resource1_.update_time as update_12_2_1_ from tb_role_resource resources0_ inner join tb_resource resource1_ on resources0_.resource_id=resource1_.id where resources0_.role_id=?
2017-07-16 17:20:11.377 [http-nio-8855-exec-8] DEBUG org.hibernate.SQL - select roles0_.user_id as user_id1_6_0_, roles0_.role_id as role_id2_6_0_, role1_.id as id1_3_1_, role1_.create_time as create_t2_3_1_, role1_.description as descript3_3_1_, role1_.name as name4_3_1_, role1_.role_key as role_key5_3_1_, role1_.status as status6_3_1_, role1_.update_time as update_t7_3_1_ from tb_user_role roles0_ inner join tb_role role1_ on roles0_.role_id=role1_.id where roles0_.user_id=?
2017-07-16 17:20:11.380 [http-nio-8855-exec-8] DEBUG org.hibernate.SQL - select resources0_.role_id as role_id1_4_0_, resources0_.resource_id as resource2_4_0_, resource1_.id as id1_2_1_, resource1_.create_time as create_t2_2_1_, resource1_.description as descript3_2_1_, resource1_.icon as icon4_2_1_, resource1_.is_hide as is_hide5_2_1_, resource1_.level as level6_2_1_, resource1_.name as name7_2_1_, resource1_.parent_id as parent_13_2_1_, resource1_.sort as sort8_2_1_, resource1_.source_key as source_k9_2_1_, resource1_.source_url as source_10_2_1_, resource1_.type as type11_2_1_, resource1_.update_time as update_12_2_1_ from tb_role_resource resources0_ inner join tb_resource resource1_ on resources0_.resource_id=resource1_.id where resources0_.role_id=?
2017-07-16 17:20:11.382 [http-nio-8855-exec-8] DEBUG org.hibernate.SQL - select roles0_.user_id as user_id1_6_0_, roles0_.role_id as role_id2_6_0_, role1_.id as id1_3_1_, role1_.create_time as create_t2_3_1_, role1_.description as descript3_3_1_, role1_.name as name4_3_1_, role1_.role_key as role_key5_3_1_, role1_.status as status6_3_1_, role1_.update_time as update_t7_3_1_ from tb_user_role roles0_ inner join tb_role role1_ on roles0_.role_id=role1_.id where roles0_.user_id=?
2017-07-16 17:20:13.715 [http-nio-8855-exec-3] DEBUG org.hibernate.SQL - select count(book0_.book_id) as col_0_0_ from tb_books book0_
2017-07-16 17:20:13.720 [http-nio-8855-exec-3] DEBUG org.hibernate.SQL - select book0_.book_id as book_id1_0_, book0_.book_author as book_aut2_0_, book0_.book_inventory as book_inv3_0_, book0_.book_name as book_nam4_0_, book0_.book_press as book_pre5_0_, book0_.current_inventory as current_6_0_ from tb_books book0_ limit ?
2017-07-16 17:20:48.454 [http-nio-8855-exec-7] DEBUG org.hibernate.SQL - select count(book0_.book_id) as col_0_0_ from tb_books book0_
2017-07-16 17:20:48.456 [http-nio-8855-exec-7] DEBUG org.hibernate.SQL - select book0_.book_id as book_id1_0_, book0_.book_author as book_aut2_0_, book0_.book_inventory as book_inv3_0_, book0_.book_name as book_nam4_0_, book0_.book_press as book_pre5_0_, book0_.current_inventory as current_6_0_ from tb_books book0_ limit ?
2017-07-16 17:23:21.655 [http-nio-8855-exec-7] DEBUG org.hibernate.SQL - select count(book0_.book_id) as col_0_0_ from tb_books book0_
2017-07-16 17:23:21.657 [http-nio-8855-exec-7] DEBUG org.hibernate.SQL - select book0_.book_id as book_id1_0_, book0_.book_author as book_aut2_0_, book0_.book_inventory as book_inv3_0_, book0_.book_name as book_nam4_0_, book0_.book_press as book_pre5_0_, book0_.current_inventory as current_6_0_ from tb_books book0_ limit ?
